2024-05-08 05:47:43,402 - INFO - ImageNotFoundException caught.
2024-05-08 05:47:45,561 - INFO - ImageNotFoundException caught.
2024-05-08 05:47:47,721 - INFO - ImageNotFoundException caught.
2024-05-08 05:47:49,880 - INFO - ImageNotFoundException caught.
2024-05-08 05:47:51,832 - INFO - Program interrupted by user.
2024-05-08 05:47:52,834 - INFO - Program exited.
2024-05-08 05:48:38,585 - INFO - Operation timed out after 30 retries not found target.
2024-05-08 05:48:38,586 - INFO - Waiting for continue key ('c')...
2024-05-08 05:48:45,211 - INFO - Continue key pressed. Resuming operation.
2024-05-08 05:48:46,905 - INFO - Template found and clicked.
2024-05-08 05:49:07,060 - INFO - Template found and clicked.
2024-05-08 05:49:42,086 - INFO - Operation timed out after 30 retries not found target.
2024-05-08 05:49:42,087 - INFO - Waiting for continue key ('c')...
2024-05-08 05:52:19,806 - INFO - Program interrupted by user.
2024-05-08 05:52:20,812 - INFO - Program exited.
2024-05-08 05:52:41,573 - INFO - Template found and clicked.
2024-05-08 05:53:12,162 - INFO - Template found and clicked.
2024-05-08 05:53:47,178 - INFO - Operation timed out after 30 retries not found target.
2024-05-08 05:53:47,178 - INFO - Waiting for continue key ('c')...
2024-05-08 05:54:30,379 - INFO - Program interrupted by user.
2024-05-08 05:55:13,495 - INFO - Template found and clicked.
2024-05-08 05:55:48,841 - INFO - Operation timed out after 30 retries not found target.
2024-05-08 05:55:48,841 - INFO - Waiting for continue key ('c')...
2024-05-08 05:55:49,857 - INFO - Continue key pressed. Resuming operation.
2024-05-08 05:55:50,233 - INFO - Operation timed out after 30 retries not found target.
2024-05-08 05:55:50,234 - INFO - Waiting for continue key ('c')...
2024-05-08 05:55:53,850 - INFO - Continue key pressed. Resuming operation.
2024-05-08 05:55:54,209 - INFO - Operation timed out after 30 retries not found target.
2024-05-08 05:55:54,210 - INFO - Waiting for continue key ('c')...
2024-05-08 05:55:58,332 - INFO - Continue key pressed. Resuming operation.
2024-05-08 05:55:58,714 - INFO - Operation timed out after 30 retries not found target.
2024-05-08 05:55:58,715 - INFO - Waiting for continue key ('c')...
2024-05-08 05:56:07,854 - INFO - Continue key pressed. Resuming operation.
2024-05-08 05:56:08,235 - INFO - Operation timed out after 30 retries not found target.
2024-05-08 05:56:08,235 - INFO - Waiting for continue key ('c')...
2024-05-08 05:56:10,946 - INFO - Continue key pressed. Resuming operation.
2024-05-08 05:56:11,321 - INFO - Operation timed out after 30 retries not found target.
2024-05-08 05:56:11,321 - INFO - Waiting for continue key ('c')...
2024-05-08 05:56:21,064 - INFO - Continue key pressed. Resuming operation.
2024-05-08 05:56:21,458 - INFO - Operation timed out after 30 retries not found target.
2024-05-08 05:56:21,459 - INFO - Waiting for continue key ('c')...
2024-05-08 05:56:28,691 - INFO - Continue key pressed. Resuming operation.
2024-05-08 05:56:29,113 - INFO - Operation timed out after 30 retries not found target.
2024-05-08 05:56:29,114 - INFO - Waiting for continue key ('c')...
2024-05-08 05:56:34,136 - INFO - Continue key pressed. Resuming operation.
2024-05-08 05:56:34,534 - INFO - Operation timed out after 30 retries not found target.
2024-05-08 05:56:34,534 - INFO - Waiting for continue key ('c')...
2024-05-08 05:56:51,538 - INFO - Program interrupted by user.
2024-05-08 05:56:52,547 - INFO - Program exited.
2024-05-08 05:57:28,595 - INFO - Template found and clicked.
2024-05-08 05:58:03,800 - INFO - Template found and clicked.
2024-05-08 05:58:35,499 - INFO - Template found and clicked.
2024-05-08 05:59:10,571 - INFO - Operation timed out after 30 retries not found target.
2024-05-08 05:59:10,571 - INFO - Waiting for continue key ('c')...
2024-05-08 05:59:59,985 - INFO - Continue key pressed. Resuming operation.
2024-05-08 06:00:01,427 - INFO - Operation timed out after 30 retries not found target.
2024-05-08 06:00:01,427 - INFO - Waiting for continue key ('c')...
2024-05-08 06:00:04,144 - INFO - Continue key pressed. Resuming operation.
2024-05-08 06:00:05,588 - INFO - Operation timed out after 30 retries not found target.
2024-05-08 06:00:05,588 - INFO - Waiting for continue key ('c')...
2024-05-08 06:00:07,708 - INFO - Continue key pressed. Resuming operation.
2024-05-08 06:00:09,158 - INFO - Operation timed out after 30 retries not found target.
2024-05-08 06:00:09,158 - INFO - Waiting for continue key ('c')...
2024-05-08 06:00:39,682 - INFO - Continue key pressed. Resuming operation.
2024-05-08 06:00:42,445 - INFO - Template found and clicked.
2024-05-08 06:01:03,966 - INFO - Template found and clicked.
2024-05-08 06:01:05,484 - INFO - Template found and clicked.
2024-05-08 06:01:07,000 - INFO - Template found and clicked.
2024-05-08 06:01:08,513 - INFO - Template found and clicked.
2024-05-08 06:01:10,031 - INFO - Template found and clicked.
2024-05-08 06:01:44,910 - INFO - Operation timed out after 30 retries not found target.
2024-05-08 06:01:44,910 - INFO - Waiting for continue key ('c')...
2024-05-08 06:04:40,559 - INFO - Continue key pressed. Resuming operation.
2024-05-08 06:04:42,001 - INFO - Operation timed out after 30 retries not found target.
2024-05-08 06:04:42,002 - INFO - Waiting for continue key ('c')...
2024-05-08 06:05:01,349 - INFO - Program interrupted by user.
2024-05-08 06:05:02,358 - INFO - Program exited.
2024-05-08 06:05:58,610 - INFO - Operation timed out after 30 retries not found target.
2024-05-08 06:05:58,610 - INFO - Waiting for continue key ('c')...
2024-05-08 06:06:03,631 - INFO - Continue key pressed. Resuming operation.
2024-05-08 06:06:40,448 - INFO - Operation timed out after 30 retries not found target.
2024-05-08 06:06:40,449 - INFO - Waiting for continue key ('c')...
2024-05-08 06:06:49,078 - INFO - Continue key pressed. Resuming operation.
2024-05-08 06:08:06,575 - INFO - Template found and clicked.
2024-05-08 06:08:08,010 - INFO - Template found and clicked.
2024-05-08 06:08:14,054 - INFO - Template found and clicked.
2024-05-08 06:08:49,005 - INFO - Operation timed out after 30 retries not found target.
2024-05-08 06:08:49,005 - INFO - Waiting for continue key ('c')...
2024-05-08 06:09:24,873 - INFO - Continue key pressed. Resuming operation.
2024-05-08 06:10:00,331 - INFO - Operation timed out after 30 retries not found target.
2024-05-08 06:10:00,331 - INFO - Waiting for continue key ('c')...
2024-05-08 06:10:14,991 - INFO - Program interrupted by user.
